
2021-05-17 11:36:19,441 INFO c.EmployeeController [qtp194494468-11] successful login
2021-05-17 11:36:19,441 INFO c.EmployeeController [qtp194494468-16] successful login
2021-05-17 12:00:07,777 INFO s.EmployeeService [main] succesfully updated phonenumber
2021-05-17 12:00:08,541 INFO s.EmployeeService [main] succesfully logged in
2021-05-17 12:00:08,808 INFO s.EmployeeService [main] succesfully updated email
2021-05-17 12:01:47,708 INFO s.EmployeeService [main] succesfully updated phonenumber
2021-05-17 12:01:48,557 INFO s.EmployeeService [main] succesfully logged in
2021-05-17 12:01:48,721 INFO s.EmployeeService [main] succesfully updated email
2021-05-17 12:04:14,877 INFO s.EmployeeService [main] succesfully updated phonenumber
2021-05-17 12:04:15,493 INFO s.EmployeeService [main] succefully submitted request
2021-05-17 12:04:17,346 INFO s.EmployeeService [main] succesfully retrieved requests
2021-05-17 12:04:18,004 INFO s.EmployeeService [main] succesfully logged in
2021-05-17 12:04:18,244 INFO s.EmployeeService [main] succesfully updated email
2021-05-17 12:04:41,162 INFO s.EmployeeService [main] succesfully updated phonenumber
2021-05-17 12:04:41,379 INFO s.EmployeeService [main] succefully submitted request
2021-05-17 12:04:41,537 INFO s.EmployeeService [main] succesfully retrieved requests
2021-05-17 12:04:41,684 INFO s.EmployeeService [main] succesfully logged in
2021-05-17 12:04:42,101 INFO s.EmployeeService [main] succesfully updated email
2021-05-17 12:07:46,445 INFO s.EmployeeService [main] succesfully updated phonenumber
2021-05-17 12:07:47,107 INFO s.EmployeeService [main] succefully submitted request
2021-05-17 12:07:47,331 INFO s.EmployeeService [main] succesfully retrieved requests
2021-05-17 12:07:47,531 INFO s.EmployeeService [main] succesfully logged in
2021-05-17 12:07:47,818 INFO s.EmployeeService [main] succesfully updated email
2021-05-17 12:07:48,498 INFO s.ManagerService [main] succesfully retrieved all pending requests
2021-05-17 12:07:48,804 INFO s.ManagerService [main] succesfully logged in
2021-05-17 12:08:47,330 INFO s.EmployeeService [main] succesfully updated phonenumber
2021-05-17 12:08:47,601 INFO s.EmployeeService [main] succefully submitted request
2021-05-17 12:08:47,740 INFO s.EmployeeService [main] succesfully retrieved requests
2021-05-17 12:08:47,893 INFO s.EmployeeService [main] succesfully logged in
2021-05-17 12:08:48,014 INFO s.EmployeeService [main] succesfully updated email
2021-05-17 12:08:48,464 INFO s.ManagerService [main] succesfully retrieved all pending requests
2021-05-17 12:08:48,591 INFO s.ManagerService [main] succesfully logged in
2021-05-17 12:27:02,682 INFO s.EmployeeService [qtp194494468-16] succesfully logged in
2021-05-17 12:27:03,173 INFO s.EmployeeService [qtp194494468-12] succesfully logged in
2021-05-17 12:27:11,147 INFO s.EmployeeService [qtp194494468-18] succesfully logged in
2021-05-17 12:27:33,571 INFO s.EmployeeService [qtp194494468-15] succesfully logged in
2021-05-17 12:38:20,063 INFO s.EmployeeService [qtp194494468-18] succesfully logged in
2021-05-17 12:38:29,888 INFO s.EmployeeService [qtp194494468-18] succesfully updated email
2021-05-17 12:38:36,612 INFO s.EmployeeService [qtp194494468-18] succesfully updated phonenumber
2021-05-17 12:38:44,764 INFO s.EmployeeService [qtp194494468-17] succesfully retrieved requests
2021-05-17 12:38:59,105 INFO s.EmployeeService [qtp194494468-17] succefully submitted request
2021-05-17 12:39:02,009 INFO s.EmployeeService [qtp194494468-18] succesfully retrieved requests
2021-05-17 12:39:25,728 INFO s.ManagerService [qtp194494468-17] succesfully logged in
2021-05-17 12:39:33,151 INFO s.ManagerService [qtp194494468-17] succesfully retrieved all pending requests
2021-05-17 12:40:06,011 INFO s.ManagerService [qtp194494468-17] succesfully logged in
2021-05-17 12:41:22,705 INFO s.EmployeeService [main] succesfully updated phonenumber
2021-05-17 12:41:23,016 INFO s.EmployeeService [main] succefully submitted request
2021-05-17 12:41:23,431 INFO s.EmployeeService [main] succesfully retrieved requests
2021-05-17 12:41:23,959 INFO s.EmployeeService [main] succesfully logged in
2021-05-17 12:41:24,256 INFO s.EmployeeService [main] succesfully updated email
2021-05-17 12:41:25,626 INFO s.ManagerService [main] succesfully retrieved all pending requests
2021-05-17 12:41:25,882 INFO s.ManagerService [main] succesfully logged in
